<?xml version="1.0" encoding="UTF-8"?>
<!-- Generated by org.testng.reporters.JUnitXMLReporter -->
<testsuite hostname="LAPTOP-H781J057" ignored="0" name="Surefire test" tests="11" failures="0" timestamp="2020-05-17T20:56:13 CEST" time="1.472" errors="0">
  <testcase name="testSearch" time="0.658" classname="com.heycar.vehicle.challenge.controller.HeyCarVehicleControllerTest"/>
  <testcase name="testUploadCsvPartialSuccess" time="0.017" classname="com.heycar.vehicle.challenge.controller.HeyCarVehicleControllerTest"/>
  <testcase name="testUploadCsvSuccess" time="0.002" classname="com.heycar.vehicle.challenge.controller.HeyCarVehicleControllerTest"/>
  <testcase name="testUploadCsvUnableToReadFile" time="0.092" classname="com.heycar.vehicle.challenge.controller.HeyCarVehicleControllerTest"/>
  <testcase name="testUploadJson" time="0.003" classname="com.heycar.vehicle.challenge.controller.HeyCarVehicleControllerTest"/>
  <testcase name="createOrUpdateVehicles" time="0.14" classname="com.heycar.vehicle.challenge.service.HeyCarVehicleServiceTest"/>
  <testcase name="getAll" time="0.003" classname="com.heycar.vehicle.challenge.service.HeyCarVehicleServiceTest"/>
  <testcase name="getVehiclesByColor" time="0.012" classname="com.heycar.vehicle.challenge.service.HeyCarVehicleServiceTest"/>
  <testcase name="getVehiclesByMake" time="0.002" classname="com.heycar.vehicle.challenge.service.HeyCarVehicleServiceTest"/>
  <testcase name="getVehiclesByModel" time="0.002" classname="com.heycar.vehicle.challenge.service.HeyCarVehicleServiceTest"/>
  <testcase name="getVehiclesByYear" time="0.002" classname="com.heycar.vehicle.challenge.service.HeyCarVehicleServiceTest"/>
</testsuite> <!-- Surefire test -->
